{"uuid":"69f0dbbd-78c7-4762-a195-034fb37bbd16","historyId":"202ac14c33459df20c3f001b516f1421","fullName":"To validate the login Functionality of JMS Application: ","labels":[{"name":"host","value":"DESKTOP-9LRRM7S"},{"name":"thread","value":"9400@DESKTOP-9LRRM7S.main(1)"},{"name":"feature","value":"To validate the login Functionality of JMS Application"},{"name":"story","value":""},{"name":"suite","value":"To validate the login Functionality of JMS Application"},{"name":"testClass","value":""},{"name":"framework","value":"cucumber4jvm"},{"name":"language","value":"java"},{"name":"gherkin_uri","value":"file:login.feature"},{"name":"package","value":"login_feature.To validate the login Functionality of JMS Application"}],"links":[],"name":"","status":"broken","statusDetails":{"known":false,"muted":false,"flaky":false,"message":"Cannot locate an element using By.all({By.xpath: //td[text()='Results Advertisement Company'],By.xpath: (//td[@id='td-id-1'])[2],By.xpath: //*[@class='td-class-1  active']})\nFor documentation on this error, please visit: https://www.seleniumhq.org/exceptions/no_such_element.html\nBuild info: version: '3.141.59', revision: 'e82be7d358', time: '2018-11-14T08:17:03'\nSystem info: host: 'DESKTOP-9LRRM7S', ip: '192.168.1.3', os.name: 'Windows 10', os.arch: 'amd64', os.version: '10.0', java.version: '1.8.0_202'\nDriver info: driver.version: RemoteWebDriver","trace":"org.openqa.selenium.NoSuchElementException: Cannot locate an element using By.all({By.xpath: //td[text()='Results Advertisement Company'],By.xpath: (//td[@id='td-id-1'])[2],By.xpath: //*[@class='td-class-1  active']})\nFor documentation on this error, please visit: https://www.seleniumhq.org/exceptions/no_such_element.html\nBuild info: version: '3.141.59', revision: 'e82be7d358', time: '2018-11-14T08:17:03'\nSystem info: host: 'DESKTOP-9LRRM7S', ip: '192.168.1.3', os.name: 'Windows 10', os.arch: 'amd64', os.version: '10.0', java.version: '1.8.0_202'\nDriver info: driver.version: RemoteWebDriver\r\n\tat org.openqa.selenium.support.pagefactory.ByAll.findElement(ByAll.java:58)\r\n\tat org.openqa.selenium.remote.RemoteWebDriver.findElement(RemoteWebDriver.java:315)\r\n\tat org.openqa.selenium.support.pagefactory.DefaultElementLocator.findElement(DefaultElementLocator.java:69)\r\n\tat org.openqa.selenium.support.pagefactory.internal.LocatingElementHandler.invoke(LocatingElementHandler.java:38)\r\n\tat com.sun.proxy.$Proxy16.click(Unknown Source)\r\n\tat org.Base.BaseClass.btnClick(BaseClass.java:77)\r\n\tat org.step.StepDefinationClass.user_has_to_enter_the_value_in_testdata_and_testdata_field(StepDefinationClass.java:60)\r\n\tat ✽.user has to enter the value in testdata1 and testdata2 field(file:login.feature:8)\r\n"},"stage":"finished","description":"    To validate login with invalid username and invalid password","steps":[{"name":"Given  user has to chrome browser and pass the url","status":"passed","statusDetails":{"known":false,"muted":false,"flaky":false},"stage":"finished","steps":[],"attachments":[],"parameters":[],"start":1663043772135,"stop":1663043786706},{"name":"When  user has to enter the value in testdata1 and testdata2 field","status":"broken","statusDetails":{"known":false,"muted":false,"flaky":false,"message":"Cannot locate an element using By.all({By.xpath: //td[text()='Results Advertisement Company'],By.xpath: (//td[@id='td-id-1'])[2],By.xpath: //*[@class='td-class-1  active']})\nFor documentation on this error, please visit: https://www.seleniumhq.org/exceptions/no_such_element.html\nBuild info: version: '3.141.59', revision: 'e82be7d358', time: '2018-11-14T08:17:03'\nSystem info: host: 'DESKTOP-9LRRM7S', ip: '192.168.1.3', os.name: 'Windows 10', os.arch: 'amd64', os.version: '10.0', java.version: '1.8.0_202'\nDriver info: driver.version: RemoteWebDriver","trace":"org.openqa.selenium.NoSuchElementException: Cannot locate an element using By.all({By.xpath: //td[text()='Results Advertisement Company'],By.xpath: (//td[@id='td-id-1'])[2],By.xpath: //*[@class='td-class-1  active']})\nFor documentation on this error, please visit: https://www.seleniumhq.org/exceptions/no_such_element.html\nBuild info: version: '3.141.59', revision: 'e82be7d358', time: '2018-11-14T08:17:03'\nSystem info: host: 'DESKTOP-9LRRM7S', ip: '192.168.1.3', os.name: 'Windows 10', os.arch: 'amd64', os.version: '10.0', java.version: '1.8.0_202'\nDriver info: driver.version: RemoteWebDriver\r\n\tat org.openqa.selenium.support.pagefactory.ByAll.findElement(ByAll.java:58)\r\n\tat org.openqa.selenium.remote.RemoteWebDriver.findElement(RemoteWebDriver.java:315)\r\n\tat org.openqa.selenium.support.pagefactory.DefaultElementLocator.findElement(DefaultElementLocator.java:69)\r\n\tat org.openqa.selenium.support.pagefactory.internal.LocatingElementHandler.invoke(LocatingElementHandler.java:38)\r\n\tat com.sun.proxy.$Proxy16.click(Unknown Source)\r\n\tat org.Base.BaseClass.btnClick(BaseClass.java:77)\r\n\tat org.step.StepDefinationClass.user_has_to_enter_the_value_in_testdata_and_testdata_field(StepDefinationClass.java:60)\r\n\tat ✽.user has to enter the value in testdata1 and testdata2 field(file:login.feature:8)\r\n"},"stage":"finished","steps":[],"attachments":[],"parameters":[],"start":1663043786707,"stop":1663043815238},{"name":"And  user has to click the login button","status":"skipped","statusDetails":{"known":false,"muted":false,"flaky":false},"stage":"finished","steps":[],"attachments":[],"parameters":[],"start":1663043815238,"stop":1663043815239},{"name":"Then  user has to navigate the error page","status":"skipped","statusDetails":{"known":false,"muted":false,"flaky":false},"stage":"finished","steps":[],"attachments":[],"parameters":[],"start":1663043815239,"stop":1663043815240}],"attachments":[],"parameters":[],"start":1663043772129,"stop":1663043815338}