{"uuid":"b0b9ba6a-1d22-4f89-bc49-6084977048ca","historyId":"202ac14c33459df20c3f001b516f1421","fullName":"To validate the login Functionality of JMS Application: ","labels":[{"name":"host","value":"DESKTOP-9LRRM7S"},{"name":"thread","value":"4676@DESKTOP-9LRRM7S.main(1)"},{"name":"feature","value":"To validate the login Functionality of JMS Application"},{"name":"story","value":""},{"name":"suite","value":"To validate the login Functionality of JMS Application"},{"name":"testClass","value":""},{"name":"framework","value":"cucumber4jvm"},{"name":"language","value":"java"},{"name":"gherkin_uri","value":"file:login.feature"},{"name":"package","value":"login_feature.To validate the login Functionality of JMS Application"}],"links":[],"name":"","status":"broken","statusDetails":{"known":false,"muted":false,"flaky":false,"message":"Cannot locate an element using By.all({By.xpath: (//input[@id='txtComments1'])[1],By.xpath: //input[@ng-model='MarketData.Headers.ADPK_DESC1'],By.xpath: //input[@tabindex='2']})\nFor documentation on this error, please visit: https://www.seleniumhq.org/exceptions/no_such_element.html\nBuild info: version: '3.141.59', revision: 'e82be7d358', time: '2018-11-14T08:17:03'\nSystem info: host: 'DESKTOP-9LRRM7S', ip: '192.168.1.3', os.name: 'Windows 10', os.arch: 'amd64', os.version: '10.0', java.version: '1.8.0_202'\nDriver info: driver.version: RemoteWebDriver","trace":"org.openqa.selenium.NoSuchElementException: Cannot locate an element using By.all({By.xpath: (//input[@id='txtComments1'])[1],By.xpath: //input[@ng-model='MarketData.Headers.ADPK_DESC1'],By.xpath: //input[@tabindex='2']})\nFor documentation on this error, please visit: https://www.seleniumhq.org/exceptions/no_such_element.html\nBuild info: version: '3.141.59', revision: 'e82be7d358', time: '2018-11-14T08:17:03'\nSystem info: host: 'DESKTOP-9LRRM7S', ip: '192.168.1.3', os.name: 'Windows 10', os.arch: 'amd64', os.version: '10.0', java.version: '1.8.0_202'\nDriver info: driver.version: RemoteWebDriver\r\n\tat org.openqa.selenium.support.pagefactory.ByAll.findElement(ByAll.java:58)\r\n\tat org.openqa.selenium.remote.RemoteWebDriver.findElement(RemoteWebDriver.java:315)\r\n\tat org.openqa.selenium.support.pagefactory.DefaultElementLocator.findElement(DefaultElementLocator.java:69)\r\n\tat org.openqa.selenium.support.pagefactory.internal.LocatingElementHandler.invoke(LocatingElementHandler.java:38)\r\n\tat com.sun.proxy.$Proxy16.clear(Unknown Source)\r\n\tat org.Base.BaseClass.toInput(BaseClass.java:70)\r\n\tat org.step.StepDefinationClass.user_has_to_enter_the_value_in_testdata_and_testdata_field(StepDefinationClass.java:73)\r\n\tat ✽.user has to enter the value in testdata1 and testdata2 field(file:login.feature:8)\r\n"},"stage":"finished","description":"    To validate login with invalid username and invalid password","steps":[{"name":"Given  user has to chrome browser and pass the url","status":"passed","statusDetails":{"known":false,"muted":false,"flaky":false},"stage":"finished","steps":[],"attachments":[],"parameters":[],"start":1662805984446,"stop":1662805991690},{"name":"When  user has to enter the value in testdata1 and testdata2 field","status":"broken","statusDetails":{"known":false,"muted":false,"flaky":false,"message":"Cannot locate an element using By.all({By.xpath: (//input[@id='txtComments1'])[1],By.xpath: //input[@ng-model='MarketData.Headers.ADPK_DESC1'],By.xpath: //input[@tabindex='2']})\nFor documentation on this error, please visit: https://www.seleniumhq.org/exceptions/no_such_element.html\nBuild info: version: '3.141.59', revision: 'e82be7d358', time: '2018-11-14T08:17:03'\nSystem info: host: 'DESKTOP-9LRRM7S', ip: '192.168.1.3', os.name: 'Windows 10', os.arch: 'amd64', os.version: '10.0', java.version: '1.8.0_202'\nDriver info: driver.version: RemoteWebDriver","trace":"org.openqa.selenium.NoSuchElementException: Cannot locate an element using By.all({By.xpath: (//input[@id='txtComments1'])[1],By.xpath: //input[@ng-model='MarketData.Headers.ADPK_DESC1'],By.xpath: //input[@tabindex='2']})\nFor documentation on this error, please visit: https://www.seleniumhq.org/exceptions/no_such_element.html\nBuild info: version: '3.141.59', revision: 'e82be7d358', time: '2018-11-14T08:17:03'\nSystem info: host: 'DESKTOP-9LRRM7S', ip: '192.168.1.3', os.name: 'Windows 10', os.arch: 'amd64', os.version: '10.0', java.version: '1.8.0_202'\nDriver info: driver.version: RemoteWebDriver\r\n\tat org.openqa.selenium.support.pagefactory.ByAll.findElement(ByAll.java:58)\r\n\tat org.openqa.selenium.remote.RemoteWebDriver.findElement(RemoteWebDriver.java:315)\r\n\tat org.openqa.selenium.support.pagefactory.DefaultElementLocator.findElement(DefaultElementLocator.java:69)\r\n\tat org.openqa.selenium.support.pagefactory.internal.LocatingElementHandler.invoke(LocatingElementHandler.java:38)\r\n\tat com.sun.proxy.$Proxy16.clear(Unknown Source)\r\n\tat org.Base.BaseClass.toInput(BaseClass.java:70)\r\n\tat org.step.StepDefinationClass.user_has_to_enter_the_value_in_testdata_and_testdata_field(StepDefinationClass.java:73)\r\n\tat ✽.user has to enter the value in testdata1 and testdata2 field(file:login.feature:8)\r\n"},"stage":"finished","steps":[],"attachments":[],"parameters":[],"start":1662805991691,"stop":1662806047483},{"name":"And  user has to click the login button","status":"skipped","statusDetails":{"known":false,"muted":false,"flaky":false},"stage":"finished","steps":[],"attachments":[],"parameters":[],"start":1662806047484,"stop":1662806047485},{"name":"Then  user has to navigate the error page","status":"skipped","statusDetails":{"known":false,"muted":false,"flaky":false},"stage":"finished","steps":[],"attachments":[],"parameters":[],"start":1662806047485,"stop":1662806047486}],"attachments":[],"parameters":[],"start":1662805984440,"stop":1662806047496}